Build started 12/4/2018 9:05:55 PM.
     1>Project "D:\DS\CIRCULAR LINK LIST\CIRCULAR LINK LIST\CIRCULAR LINK LIST.vcxproj" on node 2 (build target(s)).
     1>InitializeBuildStatus:
         Creating "Debug\CIRCULAR LINK LIST.unsuccessfulbuild" because "AlwaysCreate" was specified.
       ClCompile:
         C:\Program Files (x86)\Microsoft Visual Studio 10.0\VC\bin\CL.exe /c /ZI /nologo /W3 /WX- /Od /Oy- /D WIN32 /D _DEBUG /D _CONSOLE /D _UNICODE /D UNICODE /Gm /EHsc /RTC1 /MDd /GS /fp:precise /Zc:wchar_t /Zc:forScope /Fo"Debug\\" /Fd"Debug\vc100.pdb" /Gd /TP /analyze- /errorReport:prompt "circular link list.cpp"
         circular link list.cpp
     1>d:\ds\circular link list\circular link list\circular link list.cpp(94): warning C4715: 'LIST::search' : not all control paths return a value
       ManifestResourceCompile:
         All outputs are up-to-date.
       Link:
         C:\Program Files (x86)\Microsoft Visual Studio 10.0\VC\bin\link.exe /ERRORREPORT:PROMPT /OUT:"D:\DS\CIRCULAR LINK LIST\Debug\CIRCULAR LINK LIST.exe" /INCREMENTAL /NOLOGO kernel32.lib user32.lib gdi32.lib winspool.lib comdlg32.lib advapi32.lib shell32.lib ole32.lib oleaut32.lib uuid.lib odbc32.lib odbccp32.lib /MANIFEST /ManifestFile:"Debug\CIRCULAR LINK LIST.exe.intermediate.manifest" /MANIFESTUAC:"level='asInvoker' uiAccess='false'" /DEBUG /PDB:"D:\DS\CIRCULAR LINK LIST\Debug\CIRCULAR LINK LIST.pdb" /SUBSYSTEM:CONSOLE /TLBID:1 /DYNAMICBASE /NXCOMPAT /IMPLIB:"D:\DS\CIRCULAR LINK LIST\Debug\CIRCULAR LINK LIST.lib" /MACHINE:X86 "Debug\CIRCULAR LINK LIST.exe.embed.manifest.res"
         "Debug\circular link list.obj"
       Manifest:
         C:\Program Files (x86)\Microsoft SDKs\Windows\v7.0A\bin\mt.exe /nologo /verbose /out:"Debug\CIRCULAR LINK LIST.exe.embed.manifest" /manifest "Debug\CIRCULAR LINK LIST.exe.intermediate.manifest"
         All outputs are up-to-date.
       LinkEmbedManifest:
         All outputs are up-to-date.
         CIRCULAR LINK LIST.vcxproj -> D:\DS\CIRCULAR LINK LIST\Debug\CIRCULAR LINK LIST.exe
       FinalizeBuildStatus:
         Deleting file "Debug\CIRCULAR LINK LIST.unsuccessfulbuild".
         Touching "Debug\CIRCULAR LINK LIST.lastbuildstate".
     1>Done Building Project "D:\DS\CIRCULAR LINK LIST\CIRCULAR LINK LIST\CIRCULAR LINK LIST.vcxproj" (build target(s)).

Build succeeded.

Time Elapsed 00:00:02.98
